<?xml version="1.0" encoding="UTF-8"?>
<!-- Generated by org.testng.reporters.JUnitReportReporter -->
<testsuite hostname="DESKTOP-OSG43F4" failures="0" tests="1" name="restBDD.GetRequestBDD" time="1.555" errors="0" timestamp="04 Jun 2022 05:06:44 GMT" skipped="0">
  <testcase classname="restBDD.GetRequestBDD" name="test1" time="1.555"/>
</testsuite> <!-- restBDD.GetRequestBDD -->
