<?xml version="1.0" encoding="UTF-8"?>
<!-- Generated by org.testng.reporters.JUnitReportReporter -->
<testsuite hostname="DESKTOP-OSG43F4" failures="0" tests="1" name="restAPI.PostRequestWithFile" time="2.218" errors="0" timestamp="28 May 2022 07:14:13 GMT" skipped="0">
  <testcase classname="restAPI.PostRequestWithFile" name="test1" time="2.218"/>
</testsuite> <!-- restAPI.PostRequestWithFile -->
