<?xml version="1.0" encoding="UTF-8"?>
<!-- Generated by org.testng.reporters.JUnitReportReporter -->
<testsuite hostname="DESKTOP-OSG43F4" failures="0" tests="1" name="restBDD.PostRequestBDD" time="2.635" errors="0" timestamp="04 Jun 2022 04:59:41 GMT" skipped="0">
  <testcase classname="restBDD.PostRequestBDD" name="test1" time="2.635"/>
</testsuite> <!-- restBDD.PostRequestBDD -->
