<?xml version="1.0" encoding="UTF-8"?>
<!-- Generated by org.testng.reporters.JUnitReportReporter -->
<testsuite hostname="DESKTOP-OSG43F4" failures="0" tests="2" name="GitHUb.EndToEndGitHUbTest" time="3.727" errors="0" timestamp="29 May 2022 07:17:17 GMT" skipped="0">
  <testcase classname="GitHUb.EndToEndGitHUbTest" name="test1" time="2.453"/>
  <testcase classname="GitHUb.EndToEndGitHUbTest" name="test2" time="1.274"/>
</testsuite> <!-- GitHUb.EndToEndGitHUbTest -->
