<?xml version="1.0" encoding="UTF-8"?>
<!-- Generated by org.testng.reporters.JUnitReportReporter -->
<testsuite hostname="DESKTOP-OSG43F4" failures="0" tests="1" name="restAPI.PutRequest" time="2.384" errors="0" timestamp="29 May 2022 03:52:57 GMT" skipped="0">
  <testcase classname="restAPI.PutRequest" name="test1" time="2.384"/>
</testsuite> <!-- restAPI.PutRequest -->
