<?xml version="1.0" encoding="UTF-8"?>
<!-- Generated by org.testng.reporters.JUnitReportReporter -->
<testsuite hostname="DESKTOP-OSG43F4" failures="0" tests="1" name="restAPI.PostRequest" time="2.087" errors="0" timestamp="28 May 2022 06:17:02 GMT" skipped="0">
  <testcase classname="restAPI.PostRequest" name="test1" time="2.087"/>
</testsuite> <!-- restAPI.PostRequest -->
