<?xml version="1.0" encoding="UTF-8"?>
<!-- Generated by org.testng.reporters.JUnitReportReporter -->
<testsuite hostname="DESKTOP-OSG43F4" failures="0" tests="1" name="restAPI.PostRequestWithJsonObject" time="2.244" errors="0" timestamp="28 May 2022 06:40:11 GMT" skipped="0">
  <testcase classname="restAPI.PostRequestWithJsonObject" name="test1" time="2.244"/>
</testsuite> <!-- restAPI.PostRequestWithJsonObject -->
