<?xml version="1.0" encoding="UTF-8"?>
<!-- Generated by org.testng.reporters.JUnitReportReporter -->
<testsuite skipped="0" hostname="DESKTOP-OSG43F4" name="APIChaining.EndToEndTest" tests="1" failures="0" timestamp="29 May 2022 06:33:27 GMT" time="2.450" errors="0">
  <testcase name="test1" time="2.450" classname="APIChaining.EndToEndTest"/>
</testsuite> <!-- APIChaining.EndToEndTest -->
